<?xml version="1.0" encoding="UTF-8"?>
<!-- Generated by org.testng.reporters.JUnitReportReporter -->
<testsuite hostname="DESKTOP-2G50FIL" failures="0" tests="2" name="testCases.Checkboxtest" time="44.056" errors="0" timestamp="2024-03-14T13:03:20 IST" skipped="0">
  <testcase classname="testCases.Checkboxtest" name="testcase1" time="29.781"/>
  <testcase classname="testCases.Checkboxtest" name="testcase1" time="14.275"/>
</testsuite> <!-- testCases.Checkboxtest -->
